<?xml version="1.0" encoding="UTF-8"?>
<!-- Generated by org.testng.reporters.JUnitReportReporter -->
<testsuite skipped="0" hostname="DESKTOP-E9QP468" name="BrowserUtils.BrowserApp" tests="1" failures="0" timestamp="31 Jan 2019 16:44:50 GMT" time="9.474" errors="0">
  <testcase name="LaunchBr" time="9.474" classname="BrowserUtils.BrowserApp"/>
</testsuite> <!-- BrowserUtils.BrowserApp -->
